{
  message: 'Database Connected',
  level: 'info',
  service: 'user-service',
  label: 'Programming Hero!',
  timestamp: '2023-06-02T12:00:59.440Z'
}
{
  message: 'Programming Hero User Auth Server listening on port 5009',
  level: 'info',
  service: 'user-service',
  label: 'Programming Hero!',
  timestamp: '2023-06-02T12:00:59.450Z'
}
{
  message: 'Database Connected',
  level: 'info',
  service: 'user-service',
  label: 'Programming Hero!',
  timestamp: '2023-06-02T12:01:28.628Z'
}
{
  message: 'Programming Hero User Auth Server listening on port 5009',
  level: 'info',
  service: 'user-service',
  label: 'Programming Hero!',
  timestamp: '2023-06-02T12:01:28.637Z'
}
{
  message: 'Database Connected',
  level: 'info',
  service: 'user-service',
  label: 'Programming Hero!',
  timestamp: '2023-06-02T12:04:39.921Z'
}
{
  message: 'Programming Hero User Auth Server listening on port 5009',
  level: 'info',
  service: 'user-service',
  label: 'Programming Hero!',
  timestamp: '2023-06-02T12:04:39.930Z'
}
{
  message: 'Database Connected',
  level: 'info',
  service: 'user-service',
  label: 'Programming Hero!',
  timestamp: '2023-06-02T12:07:02.698Z'
}
{
  message: 'Programming Hero User Auth Server listening on port 5009',
  level: 'info',
  service: 'user-service',
  label: 'Programming Hero!',
  timestamp: '2023-06-02T12:07:02.707Z'
}
{
  message: 'Database Connected',
  level: 'info',
  service: 'user-service',
  label: 'Programming Hero!',
  timestamp: '2023-06-02T12:08:20.052Z'
}
{
  message: 'Programming Hero User Auth Server listening on port 5009',
  level: 'info',
  service: 'user-service',
  label: 'Programming Hero!',
  timestamp: '2023-06-02T12:08:20.061Z'
}
{
  message: 'Database Connected',
  level: 'info',
  service: 'user-service',
  label: 'Programming Hero!',
  timestamp: '2023-06-02T12:12:16.132Z'
}
{
  message: 'Programming Hero User Auth Server listening on port 5009',
  level: 'info',
  service: 'user-service',
  label: 'Programming Hero!',
  timestamp: '2023-06-02T12:12:16.140Z'
}
{
  message: 'Database Connected',
  level: 'info',
  service: 'user-service',
  label: 'Programming Hero!',
  timestamp: '2023-06-02T12:14:00.752Z'
}
{
  message: 'Programming Hero User Auth Server listening on port 5009',
  level: 'info',
  service: 'user-service',
  label: 'Programming Hero!',
  timestamp: '2023-06-02T12:14:00.762Z'
}
