{
  message: 'Database Connected',
  level: 'info',
  service: 'user-service',
  label: 'Programming Hero!',
  timestamp: '2023-06-06T08:08:43.945Z'
}
{
  message: 'Programming Hero User Auth Server listening on port 5009',
  level: 'info',
  service: 'user-service',
  label: 'Programming Hero!',
  timestamp: '2023-06-06T08:08:43.956Z'
}
{
  message: 'Database Connected',
  level: 'info',
  service: 'user-service',
  label: 'Programming Hero!',
  timestamp: '2023-06-06T08:10:42.292Z'
}
{
  message: 'Programming Hero User Auth Server listening on port 5009',
  level: 'info',
  service: 'user-service',
  label: 'Programming Hero!',
  timestamp: '2023-06-06T08:10:42.299Z'
}
{
  message: 'Database Connected',
  level: 'info',
  service: 'user-service',
  label: 'Programming Hero!',
  timestamp: '2023-06-06T08:23:15.045Z'
}
{
  message: 'Programming Hero User Auth Server listening on port 5009',
  level: 'info',
  service: 'user-service',
  label: 'Programming Hero!',
  timestamp: '2023-06-06T08:23:15.053Z'
}
{
  message: 'Database Connected',
  level: 'info',
  service: 'user-service',
  label: 'Programming Hero!',
  timestamp: '2023-06-06T08:24:27.311Z'
}
{
  message: 'Programming Hero User Auth Server listening on port 5009',
  level: 'info',
  service: 'user-service',
  label: 'Programming Hero!',
  timestamp: '2023-06-06T08:24:27.316Z'
}
{
  message: 'Database Connected',
  level: 'info',
  service: 'user-service',
  label: 'Programming Hero!',
  timestamp: '2023-06-06T08:25:09.522Z'
}
{
  message: 'Programming Hero User Auth Server listening on port 5009',
  level: 'info',
  service: 'user-service',
  label: 'Programming Hero!',
  timestamp: '2023-06-06T08:25:09.532Z'
}
{
  message: 'Database Connected',
  level: 'info',
  service: 'user-service',
  label: 'Programming Hero!',
  timestamp: '2023-06-06T08:25:47.347Z'
}
{
  message: 'Programming Hero User Auth Server listening on port 5009',
  level: 'info',
  service: 'user-service',
  label: 'Programming Hero!',
  timestamp: '2023-06-06T08:25:47.355Z'
}
{
  message: 'Database Connected',
  level: 'info',
  service: 'user-service',
  label: 'Programming Hero!',
  timestamp: '2023-06-06T08:26:15.743Z'
}
{
  message: 'Programming Hero User Auth Server listening on port 5009',
  level: 'info',
  service: 'user-service',
  label: 'Programming Hero!',
  timestamp: '2023-06-06T08:26:15.749Z'
}
{
  message: 'Database Connected',
  level: 'info',
  service: 'user-service',
  label: 'Programming Hero!',
  timestamp: '2023-06-06T08:35:58.020Z'
}
{
  message: 'Programming Hero User Auth Server listening on port 5009',
  level: 'info',
  service: 'user-service',
  label: 'Programming Hero!',
  timestamp: '2023-06-06T08:35:58.028Z'
}
{
  message: 'Database Connected',
  level: 'info',
  service: 'user-service',
  label: 'Programming Hero!',
  timestamp: '2023-06-06T08:36:43.075Z'
}
{
  message: 'Programming Hero User Auth Server listening on port 5009',
  level: 'info',
  service: 'user-service',
  label: 'Programming Hero!',
  timestamp: '2023-06-06T08:36:43.083Z'
}
{
  message: 'Database Connected',
  level: 'info',
  service: 'user-service',
  label: 'Programming Hero!',
  timestamp: '2023-06-06T08:39:43.505Z'
}
{
  message: 'Programming Hero User Auth Server listening on port 5009',
  level: 'info',
  service: 'user-service',
  label: 'Programming Hero!',
  timestamp: '2023-06-06T08:39:43.555Z'
}
{
  message: 'Database Connected',
  level: 'info',
  service: 'user-service',
  label: 'Programming Hero!',
  timestamp: '2023-06-06T08:52:46.622Z'
}
{
  message: 'Programming Hero User Auth Server listening on port 5009',
  level: 'info',
  service: 'user-service',
  label: 'Programming Hero!',
  timestamp: '2023-06-06T08:52:46.629Z'
}
{
  message: 'Database Connected',
  level: 'info',
  service: 'user-service',
  label: 'Programming Hero!',
  timestamp: '2023-06-06T08:55:34.958Z'
}
{
  message: 'Programming Hero User Auth Server listening on port 5009',
  level: 'info',
  service: 'user-service',
  label: 'Programming Hero!',
  timestamp: '2023-06-06T08:55:34.967Z'
}
{
  message: 'Database Connected',
  level: 'info',
  service: 'user-service',
  label: 'Programming Hero!',
  timestamp: '2023-06-06T08:56:00.709Z'
}
{
  message: 'Programming Hero User Auth Server listening on port 5009',
  level: 'info',
  service: 'user-service',
  label: 'Programming Hero!',
  timestamp: '2023-06-06T08:56:00.719Z'
}
{
  message: 'Database Connected',
  level: 'info',
  service: 'user-service',
  label: 'Programming Hero!',
  timestamp: '2023-06-06T08:57:05.257Z'
}
{
  message: 'Programming Hero User Auth Server listening on port 5009',
  level: 'info',
  service: 'user-service',
  label: 'Programming Hero!',
  timestamp: '2023-06-06T08:57:05.262Z'
}
{
  message: 'Database Connected',
  level: 'info',
  service: 'user-service',
  label: 'Programming Hero!',
  timestamp: '2023-06-06T08:58:17.430Z'
}
{
  message: 'Programming Hero User Auth Server listening on port 5009',
  level: 'info',
  service: 'user-service',
  label: 'Programming Hero!',
  timestamp: '2023-06-06T08:58:17.439Z'
}
