{
  message: 'Database Connected',
  level: 'info',
  service: 'user-service',
  label: 'Programming Hero!',
  timestamp: '2023-06-02T10:00:53.380Z'
}
{
  message: 'Programming Hero User Auth Server listening on port 5009',
  level: 'info',
  service: 'user-service',
  label: 'Programming Hero!',
  timestamp: '2023-06-02T10:00:53.389Z'
}
{
  message: 'Database Connected',
  level: 'info',
  service: 'user-service',
  label: 'Programming Hero!',
  timestamp: '2023-06-02T10:01:05.356Z'
}
{
  message: 'Programming Hero User Auth Server listening on port 5009',
  level: 'info',
  service: 'user-service',
  label: 'Programming Hero!',
  timestamp: '2023-06-02T10:01:05.361Z'
}
{
  message: 'Database Connected',
  level: 'info',
  service: 'user-service',
  label: 'Programming Hero!',
  timestamp: '2023-06-02T10:03:43.877Z'
}
{
  message: 'Programming Hero User Auth Server listening on port 5009',
  level: 'info',
  service: 'user-service',
  label: 'Programming Hero!',
  timestamp: '2023-06-02T10:03:43.887Z'
}
{
  message: 'Database Connected',
  level: 'info',
  service: 'user-service',
  label: 'Programming Hero!',
  timestamp: '2023-06-02T10:03:58.622Z'
}
{
  message: 'Programming Hero User Auth Server listening on port 5009',
  level: 'info',
  service: 'user-service',
  label: 'Programming Hero!',
  timestamp: '2023-06-02T10:03:58.632Z'
}
{
  message: 'Database Connected',
  level: 'info',
  service: 'user-service',
  label: 'Programming Hero!',
  timestamp: '2023-06-02T10:05:04.682Z'
}
{
  message: 'Programming Hero User Auth Server listening on port 5009',
  level: 'info',
  service: 'user-service',
  label: 'Programming Hero!',
  timestamp: '2023-06-02T10:05:04.691Z'
}
{
  message: 'Database Connected',
  level: 'info',
  service: 'user-service',
  label: 'Programming Hero!',
  timestamp: '2023-06-02T10:06:19.720Z'
}
{
  message: 'Programming Hero User Auth Server listening on port 5009',
  level: 'info',
  service: 'user-service',
  label: 'Programming Hero!',
  timestamp: '2023-06-02T10:06:19.725Z'
}
{
  message: 'Database Connected',
  level: 'info',
  service: 'user-service',
  label: 'Programming Hero!',
  timestamp: '2023-06-02T10:06:39.521Z'
}
{
  message: 'Programming Hero User Auth Server listening on port 5009',
  level: 'info',
  service: 'user-service',
  label: 'Programming Hero!',
  timestamp: '2023-06-02T10:06:39.530Z'
}
{
  message: 'Database Connected',
  level: 'info',
  service: 'user-service',
  label: 'Programming Hero!',
  timestamp: '2023-06-02T10:06:57.206Z'
}
{
  message: 'Programming Hero User Auth Server listening on port 5009',
  level: 'info',
  service: 'user-service',
  label: 'Programming Hero!',
  timestamp: '2023-06-02T10:06:57.211Z'
}
{
  message: 'Database Connected',
  level: 'info',
  service: 'user-service',
  label: 'Programming Hero!',
  timestamp: '2023-06-02T10:08:23.248Z'
}
{
  message: 'Programming Hero User Auth Server listening on port 5009',
  level: 'info',
  service: 'user-service',
  label: 'Programming Hero!',
  timestamp: '2023-06-02T10:08:23.257Z'
}
{
  message: 'Database Connected',
  level: 'info',
  service: 'user-service',
  label: 'Programming Hero!',
  timestamp: '2023-06-02T10:08:28.729Z'
}
{
  message: 'Programming Hero User Auth Server listening on port 5009',
  level: 'info',
  service: 'user-service',
  label: 'Programming Hero!',
  timestamp: '2023-06-02T10:08:28.738Z'
}
{
  message: 'Database Connected',
  level: 'info',
  service: 'user-service',
  label: 'Programming Hero!',
  timestamp: '2023-06-02T10:10:04.519Z'
}
{
  message: 'Programming Hero User Auth Server listening on port 5009',
  level: 'info',
  service: 'user-service',
  label: 'Programming Hero!',
  timestamp: '2023-06-02T10:10:04.528Z'
}
{
  message: 'Database Connected',
  level: 'info',
  service: 'user-service',
  label: 'Programming Hero!',
  timestamp: '2023-06-02T10:14:35.757Z'
}
{
  message: 'Programming Hero User Auth Server listening on port 5009',
  level: 'info',
  service: 'user-service',
  label: 'Programming Hero!',
  timestamp: '2023-06-02T10:14:35.764Z'
}
{
  message: 'Database Connected',
  level: 'info',
  service: 'user-service',
  label: 'Programming Hero!',
  timestamp: '2023-06-02T10:30:32.654Z'
}
{
  message: 'Programming Hero User Auth Server listening on port 5009',
  level: 'info',
  service: 'user-service',
  label: 'Programming Hero!',
  timestamp: '2023-06-02T10:30:32.663Z'
}
{
  message: 'Database Connected',
  level: 'info',
  service: 'user-service',
  label: 'Programming Hero!',
  timestamp: '2023-06-02T10:31:41.382Z'
}
{
  message: 'Programming Hero User Auth Server listening on port 5009',
  level: 'info',
  service: 'user-service',
  label: 'Programming Hero!',
  timestamp: '2023-06-02T10:31:41.387Z'
}
{
  message: 'Database Connected',
  level: 'info',
  service: 'user-service',
  label: 'Programming Hero!',
  timestamp: '2023-06-02T10:32:05.577Z'
}
{
  message: 'Programming Hero User Auth Server listening on port 5009',
  level: 'info',
  service: 'user-service',
  label: 'Programming Hero!',
  timestamp: '2023-06-02T10:32:05.586Z'
}
{
  message: 'Database Connected',
  level: 'info',
  service: 'user-service',
  label: 'Programming Hero!',
  timestamp: '2023-06-02T10:35:57.272Z'
}
{
  message: 'Programming Hero User Auth Server listening on port 5009',
  level: 'info',
  service: 'user-service',
  label: 'Programming Hero!',
  timestamp: '2023-06-02T10:35:57.279Z'
}
{
  message: 'Database Connected',
  level: 'info',
  service: 'user-service',
  label: 'Programming Hero!',
  timestamp: '2023-06-02T10:36:10.261Z'
}
{
  message: 'Programming Hero User Auth Server listening on port 5009',
  level: 'info',
  service: 'user-service',
  label: 'Programming Hero!',
  timestamp: '2023-06-02T10:36:10.270Z'
}
{
  message: 'Database Connected',
  level: 'info',
  service: 'user-service',
  label: 'Programming Hero!',
  timestamp: '2023-06-02T10:36:13.323Z'
}
{
  message: 'Programming Hero User Auth Server listening on port 5009',
  level: 'info',
  service: 'user-service',
  label: 'Programming Hero!',
  timestamp: '2023-06-02T10:36:13.332Z'
}
{
  message: 'Database Connected',
  level: 'info',
  service: 'user-service',
  label: 'Programming Hero!',
  timestamp: '2023-06-02T10:40:45.536Z'
}
{
  message: 'Programming Hero User Auth Server listening on port 5009',
  level: 'info',
  service: 'user-service',
  label: 'Programming Hero!',
  timestamp: '2023-06-02T10:40:45.542Z'
}
{
  message: 'Database Connected',
  level: 'info',
  service: 'user-service',
  label: 'Programming Hero!',
  timestamp: '2023-06-02T10:41:10.778Z'
}
{
  message: 'Programming Hero User Auth Server listening on port 5009',
  level: 'info',
  service: 'user-service',
  label: 'Programming Hero!',
  timestamp: '2023-06-02T10:41:10.786Z'
}
{
  message: 'Database Connected',
  level: 'info',
  service: 'user-service',
  label: 'Programming Hero!',
  timestamp: '2023-06-02T10:42:37.024Z'
}
{
  message: 'Programming Hero User Auth Server listening on port 5009',
  level: 'info',
  service: 'user-service',
  label: 'Programming Hero!',
  timestamp: '2023-06-02T10:42:37.034Z'
}
{
  message: 'Database Connected',
  level: 'info',
  service: 'user-service',
  label: 'Programming Hero!',
  timestamp: '2023-06-02T10:44:21.567Z'
}
{
  message: 'Programming Hero User Auth Server listening on port 5009',
  level: 'info',
  service: 'user-service',
  label: 'Programming Hero!',
  timestamp: '2023-06-02T10:44:21.574Z'
}
